c:\users\john herrera\source\repos\mazesolver(gui ver)\mazesolver(gui ver)\x64\debug\moc_mazesolverguiver.obj
c:\users\john herrera\source\repos\mazesolver(gui ver)\mazesolver(gui ver)\x64\debug\mazesolverguiver.obj
c:\users\john herrera\source\repos\mazesolver(gui ver)\mazesolver(gui ver)\x64\debug\main.obj
c:\users\john herrera\source\repos\mazesolver(gui ver)\mazesolver(gui ver)\x64\debug\qrc_mazesolverguiver.obj
c:\users\john herrera\source\repos\mazesolver(gui ver)\mazesolver(gui ver)\x64\debug\vc141.pdb
c:\users\john herrera\source\repos\mazesolver(gui ver)\mazesolver(gui ver)\generatedfiles\debug\moc_mazesolverguiver.cpp
c:\users\john herrera\source\repos\mazesolver(gui ver)\mazesolver(gui ver)\generatedfiles\qrc_mazesolverguiver.cpp
c:\users\john herrera\source\repos\mazesolver(gui ver)\mazesolver(gui ver)\generatedfiles\ui_mazesolverguiver.h
c:\users\john herrera\source\repos\mazesolver(gui ver)\mazesolver(gui ver)\.\generatedfiles\debug\moc_mazesolverguiver.cpp
c:\users\john herrera\source\repos\mazesolver(gui ver)\mazesolver(gui ver)\.\generatedfiles\qrc_mazesolverguiver.cpp
c:\users\john herrera\source\repos\mazesolver(gui ver)\mazesolver(gui ver)\.\generatedfiles\ui_mazesolverguiver.h
c:\users\john herrera\source\repos\mazesolver(gui ver)\x64\debug\mazesolver(gui ver).pdb
c:\users\john herrera\source\repos\mazesolver(gui ver)\mazesolver(gui ver)\x64\debug\mazesolv.b12702ad.tlog\cl.11972.write.1.tlog
c:\users\john herrera\source\repos\mazesolver(gui ver)\mazesolver(gui ver)\x64\debug\mazesolv.b12702ad.tlog\cl.command.1.tlog
c:\users\john herrera\source\repos\mazesolver(gui ver)\mazesolver(gui ver)\x64\debug\mazesolv.b12702ad.tlog\cl.read.1.tlog
c:\users\john herrera\source\repos\mazesolver(gui ver)\mazesolver(gui ver)\x64\debug\mazesolv.b12702ad.tlog\link-cvtres.read.1.tlog
c:\users\john herrera\source\repos\mazesolver(gui ver)\mazesolver(gui ver)\x64\debug\mazesolv.b12702ad.tlog\link-cvtres.write.1.tlog
c:\users\john herrera\source\repos\mazesolver(gui ver)\mazesolver(gui ver)\x64\debug\mazesolv.b12702ad.tlog\link-rc.read.1.tlog
c:\users\john herrera\source\repos\mazesolver(gui ver)\mazesolver(gui ver)\x64\debug\mazesolv.b12702ad.tlog\link-rc.write.1.tlog
c:\users\john herrera\source\repos\mazesolver(gui ver)\mazesolver(gui ver)\x64\debug\mazesolv.b12702ad.tlog\link.command.1.tlog
c:\users\john herrera\source\repos\mazesolver(gui ver)\mazesolver(gui ver)\x64\debug\mazesolv.b12702ad.tlog\link.read.1.tlog
c:\users\john herrera\source\repos\mazesolver(gui ver)\mazesolver(gui ver)\x64\debug\mazesolv.b12702ad.tlog\link.write.1.tlog
c:\users\john herrera\source\repos\mazesolver(gui ver)\mazesolver(gui ver)\x64\debug\mazesolv.b12702ad.tlog\mazesolver(gui ver).write.1u.tlog
c:\users\john herrera\source\repos\mazesolver(gui ver)\mazesolver(gui ver)\x64\debug\mazesolv.b12702ad.tlog\qtmoc.read.1u.tlog
c:\users\john herrera\source\repos\mazesolver(gui ver)\mazesolver(gui ver)\x64\debug\mazesolv.b12702ad.tlog\qtmoc.write.1u.tlog
c:\users\john herrera\source\repos\mazesolver(gui ver)\mazesolver(gui ver)\x64\debug\mazesolv.b12702ad.tlog\qtrcc.read.1u.tlog
c:\users\john herrera\source\repos\mazesolver(gui ver)\mazesolver(gui ver)\x64\debug\mazesolv.b12702ad.tlog\qtrcc.write.1u.tlog
c:\users\john herrera\source\repos\mazesolver(gui ver)\mazesolver(gui ver)\x64\debug\mazesolv.b12702ad.tlog\qtuic.read.1u.tlog
c:\users\john herrera\source\repos\mazesolver(gui ver)\mazesolver(gui ver)\x64\debug\mazesolv.b12702ad.tlog\qtuic.write.1u.tlog
